build/Qt_6_11_0_for_Android_arm64_v8a-Release/android-build/build/intermediates/manifest_merge_blame_file/release/processReleaseMainManifest/manifest-merger-blame-release-report.txt
1<?xml version="1.0" encoding="utf-8"?>
2<manifest xmlns:android="http://schemas.android.com/apk/res/android"
3    package="org.unikode.runik"
4    android:installLocation="auto"
5    android:versionCode="3"
6    android:versionName="v1.3" >
7
8    <uses-sdk
9        android:minSdkVersion="28"
10        android:targetSdkVersion="36" />
11
12    <uses-permission android:name="android.permission.INTERNET" />
12-->Qt_6_11_0_for_Android_arm64_v8a-Release/android-build/AndroidManifest.xml:8:5-67
12-->Qt_6_11_0_for_Android_arm64_v8a-Release/android-build/AndroidManifest.xml:8:22-64
13    <uses-permission android:name="android.permission.READ_EXTERNAL_STORAGE" />
13-->Qt_6_11_0_for_Android_arm64_v8a-Release/android-build/AndroidManifest.xml:9:5-80
13-->Qt_6_11_0_for_Android_arm64_v8a-Release/android-build/AndroidManifest.xml:9:22-77
14    <uses-permission
14-->Qt_6_11_0_for_Android_arm64_v8a-Release/android-build/AndroidManifest.xml:10:5-108
15        android:name="android.permission.WRITE_EXTERNAL_STORAGE"
15-->Qt_6_11_0_for_Android_arm64_v8a-Release/android-build/AndroidManifest.xml:10:22-78
16        android:maxSdkVersion="28" />
16-->Qt_6_11_0_for_Android_arm64_v8a-Release/android-build/AndroidManifest.xml:10:79-105
17    <uses-permission android:name="android.permission.MANAGE_EXTERNAL_STORAGE" />
17-->Qt_6_11_0_for_Android_arm64_v8a-Release/android-build/AndroidManifest.xml:11:5-82
17-->Qt_6_11_0_for_Android_arm64_v8a-Release/android-build/AndroidManifest.xml:11:22-79
18
19    <supports-screens
19-->Qt_6_11_0_for_Android_arm64_v8a-Release/android-build/AndroidManifest.xml:13:5-17:39
20        android:anyDensity="true"
20-->Qt_6_11_0_for_Android_arm64_v8a-Release/android-build/AndroidManifest.xml:14:9-34
21        android:largeScreens="true"
21-->Qt_6_11_0_for_Android_arm64_v8a-Release/android-build/AndroidManifest.xml:15:9-36
22        android:normalScreens="true"
22-->Qt_6_11_0_for_Android_arm64_v8a-Release/android-build/AndroidManifest.xml:16:9-37
23        android:smallScreens="true" />
23-->Qt_6_11_0_for_Android_arm64_v8a-Release/android-build/AndroidManifest.xml:17:9-36
24
25    <permission
25-->[androidx.core:core:1.17.0] AndroidManifest.xml:22:5-24:47
26        android:name="org.unikode.runik.DYNAMIC_RECEIVER_NOT_EXPORTED_PERMISSION"
26-->[androidx.core:core:1.17.0] AndroidManifest.xml:23:9-81
27        android:protectionLevel="signature" />
27-->[androidx.core:core:1.17.0] AndroidManifest.xml:24:9-44
28
29    <uses-permission android:name="org.unikode.runik.DYNAMIC_RECEIVER_NOT_EXPORTED_PERMISSION" />
29-->[androidx.core:core:1.17.0] AndroidManifest.xml:26:5-97
29-->[androidx.core:core:1.17.0] AndroidManifest.xml:26:22-94
30
31    <application
31-->Qt_6_11_0_for_Android_arm64_v8a-Release/android-build/AndroidManifest.xml:19:5-60:19
32        android:name="org.qtproject.qt.android.bindings.QtApplication"
32-->Qt_6_11_0_for_Android_arm64_v8a-Release/android-build/AndroidManifest.xml:20:9-71
33        android:allowBackup="true"
33-->Qt_6_11_0_for_Android_arm64_v8a-Release/android-build/AndroidManifest.xml:26:9-35
34        android:appComponentFactory="androidx.core.app.CoreComponentFactory"
34-->[androidx.core:core:1.17.0] AndroidManifest.xml:28:18-86
35        android:enableOnBackInvokedCallback="false"
35-->Qt_6_11_0_for_Android_arm64_v8a-Release/android-build/AndroidManifest.xml:25:9-52
36        android:extractNativeLibs="true"
37        android:fullBackupOnly="false"
37-->Qt_6_11_0_for_Android_arm64_v8a-Release/android-build/AndroidManifest.xml:27:9-39
38        android:hardwareAccelerated="true"
38-->Qt_6_11_0_for_Android_arm64_v8a-Release/android-build/AndroidManifest.xml:21:9-43
39        android:icon="@mipmap/ic_launcher"
39-->Qt_6_11_0_for_Android_arm64_v8a-Release/android-build/AndroidManifest.xml:23:9-43
40        android:label="runik"
40-->Qt_6_11_0_for_Android_arm64_v8a-Release/android-build/AndroidManifest.xml:22:9-30
41        android:requestLegacyExternalStorage="true"
41-->Qt_6_11_0_for_Android_arm64_v8a-Release/android-build/AndroidManifest.xml:24:9-52
42        android:usesCleartextTraffic="true" >
42-->Qt_6_11_0_for_Android_arm64_v8a-Release/android-build/AndroidManifest.xml:28:9-44
43        <activity
43-->Qt_6_11_0_for_Android_arm64_v8a-Release/android-build/AndroidManifest.xml:28:46-49:20
44            android:name="org.qtproject.qt.android.bindings.QtActivity"
44-->Qt_6_11_0_for_Android_arm64_v8a-Release/android-build/AndroidManifest.xml:29:13-72
45            android:alwaysRetainTaskState="true"
45-->Qt_6_11_0_for_Android_arm64_v8a-Release/android-build/AndroidManifest.xml:33:13-49
46            android:configChanges="orientation|uiMode|screenLayout|screenSize|smallestScreenSize|layoutDirection|locale|fontScale|keyboard|keyboardHidden|navigation|mcc|mnc|density"
46-->Qt_6_11_0_for_Android_arm64_v8a-Release/android-build/AndroidManifest.xml:30:13-182
47            android:exported="true"
47-->Qt_6_11_0_for_Android_arm64_v8a-Release/android-build/AndroidManifest.xml:35:13-36
48            android:label="runik"
48-->Qt_6_11_0_for_Android_arm64_v8a-Release/android-build/AndroidManifest.xml:31:13-34
49            android:launchMode="singleInstance"
49-->Qt_6_11_0_for_Android_arm64_v8a-Release/android-build/AndroidManifest.xml:32:13-48
50            android:screenOrientation="unspecified" >
50-->Qt_6_11_0_for_Android_arm64_v8a-Release/android-build/AndroidManifest.xml:34:13-52
51            <intent-filter>
51-->Qt_6_11_0_for_Android_arm64_v8a-Release/android-build/AndroidManifest.xml:37:13-40:29
52                <action android:name="android.intent.action.MAIN" />
52-->Qt_6_11_0_for_Android_arm64_v8a-Release/android-build/AndroidManifest.xml:38:17-69
52-->Qt_6_11_0_for_Android_arm64_v8a-Release/android-build/AndroidManifest.xml:38:25-66
53
54                <category android:name="android.intent.category.LAUNCHER" />
54-->Qt_6_11_0_for_Android_arm64_v8a-Release/android-build/AndroidManifest.xml:39:17-77
54-->Qt_6_11_0_for_Android_arm64_v8a-Release/android-build/AndroidManifest.xml:39:27-74
55            </intent-filter>
56
57            <meta-data
57-->Qt_6_11_0_for_Android_arm64_v8a-Release/android-build/AndroidManifest.xml:42:13-44:46
58                android:name="android.app.lib_name"
58-->Qt_6_11_0_for_Android_arm64_v8a-Release/android-build/AndroidManifest.xml:43:17-52
59                android:value="runik_exec" />
59-->Qt_6_11_0_for_Android_arm64_v8a-Release/android-build/AndroidManifest.xml:44:17-43
60            <meta-data
60-->Qt_6_11_0_for_Android_arm64_v8a-Release/android-build/AndroidManifest.xml:46:13-48:36
61                android:name="android.app.arguments"
61-->Qt_6_11_0_for_Android_arm64_v8a-Release/android-build/AndroidManifest.xml:47:17-53
62                android:value="" />
62-->Qt_6_11_0_for_Android_arm64_v8a-Release/android-build/AndroidManifest.xml:48:17-33
63        </activity>
64
65        <provider
66            android:name="androidx.core.content.FileProvider"
66-->Qt_6_11_0_for_Android_arm64_v8a-Release/android-build/AndroidManifest.xml:52:13-62
67            android:authorities="org.unikode.runik.qtprovider"
67-->Qt_6_11_0_for_Android_arm64_v8a-Release/android-build/AndroidManifest.xml:53:13-62
68            android:exported="false"
68-->Qt_6_11_0_for_Android_arm64_v8a-Release/android-build/AndroidManifest.xml:54:13-37
69            android:grantUriPermissions="true" >
69-->Qt_6_11_0_for_Android_arm64_v8a-Release/android-build/AndroidManifest.xml:55:13-47
70            <meta-data
70-->Qt_6_11_0_for_Android_arm64_v8a-Release/android-build/AndroidManifest.xml:56:13-58:59
71                android:name="android.support.FILE_PROVIDER_PATHS"
71-->Qt_6_11_0_for_Android_arm64_v8a-Release/android-build/AndroidManifest.xml:57:17-67
72                android:resource="@xml/qtprovider_paths" />
72-->Qt_6_11_0_for_Android_arm64_v8a-Release/android-build/AndroidManifest.xml:58:17-57
73        </provider>
74        <provider
74-->[androidx.profileinstaller:profileinstaller:1.3.0] AndroidManifest.xml:24:9-32:20
75            android:name="androidx.startup.InitializationProvider"
75-->[androidx.profileinstaller:profileinstaller:1.3.0] AndroidManifest.xml:25:13-67
76            android:authorities="org.unikode.runik.androidx-startup"
76-->[androidx.profileinstaller:profileinstaller:1.3.0] AndroidManifest.xml:26:13-68
77            android:exported="false" >
77-->[androidx.profileinstaller:profileinstaller:1.3.0] AndroidManifest.xml:27:13-37
78            <meta-data
78-->[androidx.profileinstaller:profileinstaller:1.3.0] AndroidManifest.xml:29:13-31:52
79                android:name="androidx.profileinstaller.ProfileInstallerInitializer"
79-->[androidx.profileinstaller:profileinstaller:1.3.0] AndroidManifest.xml:30:17-85
80                android:value="androidx.startup" />
80-->[androidx.profileinstaller:profileinstaller:1.3.0] AndroidManifest.xml:31:17-49
81        </provider>
82
83        <receiver
83-->[androidx.profileinstaller:profileinstaller:1.3.0] AndroidManifest.xml:34:9-52:20
84            android:name="androidx.profileinstaller.ProfileInstallReceiver"
84-->[androidx.profileinstaller:profileinstaller:1.3.0] AndroidManifest.xml:35:13-76
85            android:directBootAware="false"
85-->[androidx.profileinstaller:profileinstaller:1.3.0] AndroidManifest.xml:36:13-44
86            android:enabled="true"
86-->[androidx.profileinstaller:profileinstaller:1.3.0] AndroidManifest.xml:37:13-35
87            android:exported="true"
87-->[androidx.profileinstaller:profileinstaller:1.3.0] AndroidManifest.xml:38:13-36
88            android:permission="android.permission.DUMP" >
88-->[androidx.profileinstaller:profileinstaller:1.3.0] AndroidManifest.xml:39:13-57
89            <intent-filter>
89-->[androidx.profileinstaller:profileinstaller:1.3.0] AndroidManifest.xml:40:13-42:29
90                <action android:name="androidx.profileinstaller.action.INSTALL_PROFILE" />
90-->[androidx.profileinstaller:profileinstaller:1.3.0] AndroidManifest.xml:41:17-91
90-->[androidx.profileinstaller:profileinstaller:1.3.0] AndroidManifest.xml:41:25-88
91            </intent-filter>
92            <intent-filter>
92-->[androidx.profileinstaller:profileinstaller:1.3.0] AndroidManifest.xml:43:13-45:29
93                <action android:name="androidx.profileinstaller.action.SKIP_FILE" />
93-->[androidx.profileinstaller:profileinstaller:1.3.0] AndroidManifest.xml:44:17-85
93-->[androidx.profileinstaller:profileinstaller:1.3.0] AndroidManifest.xml:44:25-82
94            </intent-filter>
95            <intent-filter>
95-->[androidx.profileinstaller:profileinstaller:1.3.0] AndroidManifest.xml:46:13-48:29
96                <action android:name="androidx.profileinstaller.action.SAVE_PROFILE" />
96-->[androidx.profileinstaller:profileinstaller:1.3.0] AndroidManifest.xml:47:17-88
96-->[androidx.profileinstaller:profileinstaller:1.3.0] AndroidManifest.xml:47:25-85
97            </intent-filter>
98            <intent-filter>
98-->[androidx.profileinstaller:profileinstaller:1.3.0] AndroidManifest.xml:49:13-51:29
99                <action android:name="androidx.profileinstaller.action.BENCHMARK_OPERATION" />
99-->[androidx.profileinstaller:profileinstaller:1.3.0] AndroidManifest.xml:50:17-95
99-->[androidx.profileinstaller:profileinstaller:1.3.0] AndroidManifest.xml:50:25-92
100            </intent-filter>
101        </receiver>
102    </application>
103
104</manifest>